#
# There is insufficient memory for the Java Runtime Environment to continue.
# Native memory allocation (mmap) failed to map 134217728 bytes for G1 virtual space
# Possible reasons:
#   The system is out of physical RAM or swap space
#   The process is running with CompressedOops enabled, and the Java Heap may be blocking the growth of the native heap
# Possible solutions:
#   Reduce memory load on the system
#   Increase physical memory or swap space
#   Check if swap backing store is full
#   Decrease Java heap size (-Xmx/-Xms)
#   Decrease number of Java threads
#   Decrease Java thread stack sizes (-Xss)
#   Set larger code cache with -XX:ReservedCodeCacheSize=
#   JVM is running with Unscaled Compressed Oops mode in which the Java heap is
#     placed in the first 4GB address space. The Java Heap base address is the
#     maximum limit for the native heap growth. Please use -XX:HeapBaseMinAddress
#     to set the Java Heap base and to place the Java Heap above 4GB virtual address.
# This output file may be truncated or incomplete.
#
#  Out of Memory Error (os_windows.cpp:3541), pid=81764, tid=74036
#
# JRE version:  (17.0.5+9) (build )
# Java VM: Java HotSpot(TM) 64-Bit Server VM (17.0.5+9-LTS-191, mixed mode, sharing, tiered, compressed oops, compressed class ptrs, g1 gc, windows-amd64)
# No core dump will be written. Minidumps are not enabled by default on client versions of Windows
#

---------------  S U M M A R Y ------------

Command Line: -ea -Dfile.encoding=UTF-8 -XX:+ShowCodeDetailsInExceptionMessages org.testng.remote.RemoteTestNG -serport 50817 -protocol json -d C:\Users\hp\eclipse-workspace\RaffoluxProject\test-output C:\Users\hp\eclipse-workspace\RaffoluxProject\testng.xml

Host: Intel(R) Core(TM) i5-8250U CPU @ 1.60GHz, 8 cores, 7G,  Windows 10 , 64 bit Build 19041 (10.0.19041.2546)
Time: Wed Mar 15 11:52:40 2023 India Standard Time elapsed time: 0.040442 seconds (0d 0h 0m 0s)

---------------  T H R E A D  ---------------

Current thread (0x0000019470660a20):  JavaThread "Unknown thread" [_thread_in_vm, id=74036, stack(0x0000003c66a00000,0x0000003c66b00000)]

Stack: [0x0000003c66a00000,0x0000003c66b00000]
Native frames: (J=compiled Java code, j=interpreted, Vv=VM code, C=native code)
V  [jvm.dll+0x672eea]
V  [jvm.dll+0x7d2a04]
V  [jvm.dll+0x7d41ae]
V  [jvm.dll+0x7d4813]
V  [jvm.dll+0x242c15]
V  [jvm.dll+0x66fe09]
V  [jvm.dll+0x664682]
V  [jvm.dll+0x300e8b]
V  [jvm.dll+0x308426]
V  [jvm.dll+0x357ffe]
V  [jvm.dll+0x35822f]
V  [jvm.dll+0x2d80a8]
V  [jvm.dll+0x2d9014]
V  [jvm.dll+0x7a44e1]
V  [jvm.dll+0x365df1]
V  [jvm.dll+0x7838fc]
V  [jvm.dll+0x3e873f]
V  [jvm.dll+0x3ea1e1]
C  [jli.dll+0x527b]
C  [ucrtbase.dll+0x21bb2]
C  [KERNEL32.DLL+0x17614]
C  [ntdll.dll+0x526a1]


---------------  P R O C E S S  ---------------

Threads class SMR info:
_java_thread_list=0x00007ffab2b2a8d8, length=0, elements={
}

Java Threads: ( => current thread )

Other Threads:
  0x00000194706babc0 GCTaskThread "GC Thread#0" [stack: 0x0000003c66b00000,0x0000003c66c00000] [id=6964]
  0x00000194706cce80 ConcurrentGCThread "G1 Main Marker" [stack: 0x0000003c66c00000,0x0000003c66d00000] [id=83232]
  0x00000194706cd7a0 ConcurrentGCThread "G1 Conc#0" [stack: 0x0000003c66d00000,0x0000003c66e00000] [id=71204]

[error occurred during error reporting (printing all threads), id 0xc0000005, EXCEPTION_ACCESS_VIOLATION (0xc0000005) at pc=0x00007ffab2378a97]

VM state: not at safepoint (not fully initialized)

VM Mutex/Monitor currently owned by a thread:  ([mutex/lock_event])
[0x000001947065cbd0] Heap_lock - owner thread: 0x0000019470660a20

Heap address: 0x0000000081a00000, size: 2022 MB, Compressed Oops mode: 32-bit

CDS archive(s) mapped at: [0x0000000000000000-0x0000000000000000-0x0000000000000000), size 0, SharedBaseAddress: 0x0000000800000000, ArchiveRelocationMode: 0.
Narrow klass base: 0x0000000000000000, Narrow klass shift: 0, Narrow klass range: 0x0

GC Precious Log:
<Empty>

Heap:
 garbage-first heap   total 0K, used 0K [0x0000000081a00000, 0x0000000100000000)
  region size 1024K, 0 young (0K), 0 survivors (0K)

[error occurred during error reporting (printing heap information), id 0xc0000005, EXCEPTION_ACCESS_VIOLATION (0xc0000005) at pc=0x00007ffab275c399]

GC Heap History (0 events):
No events

Deoptimization events (0 events):
No events

Classes unloaded (0 events):
No events

Classes redefined (0 events):
No events

Internal exceptions (0 events):
No events

VM Operations (0 events):
No events

Events (1 events):
Event: 0.022 Loaded shared library C:\Program Files\Java\jdk-17.0.5\bin\java.dll


Dynamic libraries:
0x00007ff71b080000 - 0x00007ff71b090000 	C:\Program Files\Java\jdk-17.0.5\bin\javaw.exe
0x00007ffb1df90000 - 0x00007ffb1e188000 	C:\Windows\SYSTEM32\ntdll.dll
0x00007ffb1cdb0000 - 0x00007ffb1ce6f000 	C:\Windows\System32\KERNEL32.DLL
0x00007ffb1b680000 - 0x00007ffb1b952000 	C:\Windows\System32\KERNELBASE.dll
0x00007ffb1bcb0000 - 0x00007ffb1bdb0000 	C:\Windows\System32\ucrtbase.dll
0x00007ffb0fe50000 - 0x00007ffb0fe68000 	C:\Program Files\Java\jdk-17.0.5\bin\jli.dll
0x00007ffb11f30000 - 0x00007ffb11f4a000 	C:\Program Files\Java\jdk-17.0.5\bin\VCRUNTIME140.dll
0x00007ffb1cb60000 - 0x00007ffb1cc0e000 	C:\Windows\System32\ADVAPI32.dll
0x00007ffb1d330000 - 0x00007ffb1d3ce000 	C:\Windows\System32\msvcrt.dll
0x00007ffb1dd80000 - 0x00007ffb1de1c000 	C:\Windows\System32\sechost.dll
0x00007ffb1cc10000 - 0x00007ffb1cd35000 	C:\Windows\System32\RPCRT4.dll
0x00007ffb1c060000 - 0x00007ffb1c201000 	C:\Windows\System32\USER32.dll
0x00007ffb1ba00000 - 0x00007ffb1ba22000 	C:\Windows\System32\win32u.dll
0x00007ffb1c9a0000 - 0x00007ffb1c9cb000 	C:\Windows\System32\GDI32.dll
0x00007ffb020b0000 - 0x00007ffb0234a000 	C:\Windows\WinSxS\amd64_microsoft.windows.common-controls_6595b64144ccf1df_6.0.19041.1110_none_60b5254171f9507e\COMCTL32.dll
0x00007ffb1bae0000 - 0x00007ffb1bbef000 	C:\Windows\System32\gdi32full.dll
0x00007ffb1b960000 - 0x00007ffb1b9fd000 	C:\Windows\System32\msvcp_win.dll
0x00007ffb11cb0000 - 0x00007ffb11cba000 	C:\Windows\SYSTEM32\VERSION.dll
0x00007ffb1c290000 - 0x00007ffb1c2c2000 	C:\Windows\System32\IMM32.DLL
0x00007ffb11f20000 - 0x00007ffb11f2c000 	C:\Program Files\Java\jdk-17.0.5\bin\vcruntime140_1.dll
0x00007ffae4700000 - 0x00007ffae478d000 	C:\Program Files\Java\jdk-17.0.5\bin\msvcp140.dll
0x00007ffab2090000 - 0x00007ffab2c52000 	C:\Program Files\Java\jdk-17.0.5\bin\server\jvm.dll
0x00007ffb1c050000 - 0x00007ffb1c058000 	C:\Windows\System32\PSAPI.DLL
0x00007ffaf6830000 - 0x00007ffaf6857000 	C:\Windows\SYSTEM32\WINMM.dll
0x00007ffafed20000 - 0x00007ffafed29000 	C:\Windows\SYSTEM32\WSOCK32.dll
0x00007ffb1cd40000 - 0x00007ffb1cdab000 	C:\Windows\System32\WS2_32.dll
0x00007ffb196e0000 - 0x00007ffb196f2000 	C:\Windows\SYSTEM32\kernel.appcore.dll
0x00007ffb02c40000 - 0x00007ffb02c4a000 	C:\Program Files\Java\jdk-17.0.5\bin\jimage.dll
0x00007ffb116c0000 - 0x00007ffb118a4000 	C:\Windows\SYSTEM32\DBGHELP.DLL
0x00007ffafed90000 - 0x00007ffafedc5000 	C:\Windows\SYSTEM32\dbgcore.DLL
0x00007ffb1bbf0000 - 0x00007ffb1bc72000 	C:\Windows\System32\bcryptPrimitives.dll
0x00007ffafc580000 - 0x00007ffafc5a5000 	C:\Program Files\Java\jdk-17.0.5\bin\java.dll

dbghelp: loaded successfully - version: 4.0.5 - missing functions: none
symbol engine: initialized successfully - sym options: 0x614 - pdb path: .;C:\Program Files\Java\jdk-17.0.5\bin;C:\Windows\SYSTEM32;C:\Windows\WinSxS\amd64_microsoft.windows.common-controls_6595b64144ccf1df_6.0.19041.1110_none_60b5254171f9507e;C:\Program Files\Java\jdk-17.0.5\bin\server

VM Arguments:
jvm_args: -ea -Dfile.encoding=UTF-8 -XX:+ShowCodeDetailsInExceptionMessages 
java_command: org.testng.remote.RemoteTestNG -serport 50817 -protocol json -d C:\Users\hp\eclipse-workspace\RaffoluxProject\test-output C:\Users\hp\eclipse-workspace\RaffoluxProject\testng.xml
java_class_path (initial): C:\Users\hp\eclipse\java-2022-092\eclipse\configuration\org.eclipse.osgi\456\0\.cp\lib\testng-remote.jar;C:\Users\hp\eclipse-workspace\RaffoluxProject\target\test-classes;C:\Users\hp\eclipse-workspace\RaffoluxProject\target\classes;C:\Users\hp\.p2\pool\plugins\org.testng_7.4.0.r202105021533.jar;C:\Users\hp\.p2\pool\plugins\com.beust.jcommander_1.78.0.jar;C:\Users\hp\.p2\pool\plugins\org.apache-extras.beanshell.bsh_2.0.0.b6.jar;C:\Users\hp\.p2\pool\plugins\org.yaml.snakeyaml_1.27.0.v20201111-1638.jar;C:\Users\hp\.p2\pool\plugins\org.webjars.jquery_3.5.1.jar;C:\Users\hp\.m2\repository\org\seleniumhq\selenium\selenium-java\4.5.0\selenium-java-4.5.0.jar;C:\Users\hp\.m2\repository\org\seleniumhq\selenium\selenium-api\4.5.0\selenium-api-4.5.0.jar;C:\Users\hp\.m2\repository\org\seleniumhq\selenium\selenium-chrome-driver\4.5.0\selenium-chrome-driver-4.5.0.jar;C:\Users\hp\.m2\repository\com\google\auto\service\auto-service-annotations\1.0.1\auto-service-annotations-1.0.1.jar;C:\Users\hp\.m2\repository\com\google\auto\service\auto-service\1.0.1\auto-service-1.0.1.jar;C:\Users\hp\.m2\repository\com\google\auto\auto-common\1.2\auto-common-1.2.jar;C:\Users\hp\.m2\repository\com\google\guava\guava\31.1-jre\guava-31.1-jre.jar;C:\Users\hp\.m2\repository\com\google\guava\failureaccess\1.0.1\failureaccess-1.0.1.jar;C:\Users\hp\.m2\repository\com\google\guava\listenablefuture\9999.0-empty-to-avoid-conflict-with-guava\listenablefuture-9999.0-empty-to-avoid-conflict-with-guava.jar;C:\Users\hp\.m2\repository\org\checkerframework\checker-qual\3.12.0\checker-qual-3.12.0.jar;C:\Users\hp\.m2\repository\com\google\errorprone\error_prone_annotations\2.11.0\error_prone_annotations-2.11.0.jar;C:\Users\hp\.m2\repository\com\google\j2objc\j2objc-annotations\1.3\j2objc-annotations-1.3.jar;C:\Users\hp\.m2\repository\org\seleniumhq\selenium\selenium-chromium-driver\4.5.0\selenium-chromium-driver-4.5.0.jar;C:\Users\hp\.m2\repository\org\seleniumhq\selenium\selenium-json\4.
Launcher Type: SUN_STANDARD

[Global flags]
     intx CICompilerCount                          = 4                                         {product} {ergonomic}
     uint ConcGCThreads                            = 2                                         {product} {ergonomic}
     uint G1ConcRefinementThreads                  = 8                                         {product} {ergonomic}
   size_t G1HeapRegionSize                         = 1048576                                   {product} {ergonomic}
    uintx GCDrainStackTargetSize                   = 64                                        {product} {ergonomic}
   size_t InitialHeapSize                          = 134217728                                 {product} {ergonomic}
   size_t MarkStackSize                            = 4194304                                   {product} {ergonomic}
   size_t MaxHeapSize                              = 2120220672                                {product} {ergonomic}
   size_t MinHeapDeltaBytes                        = 1048576                                   {product} {ergonomic}
   size_t MinHeapSize                              = 8388608                                   {product} {ergonomic}
    uintx NonNMethodCodeHeapSize                   = 5839372                                {pd product} {ergonomic}
    uintx NonProfiledCodeHeapSize                  = 122909434                              {pd product} {ergonomic}
    uintx ProfiledCodeHeapSize                     = 122909434                              {pd product} {ergonomic}
    uintx ReservedCodeCacheSize                    = 251658240                              {pd product} {ergonomic}
     bool SegmentedCodeCache                       = true                                      {product} {ergonomic}
     bool ShowCodeDetailsInExceptionMessages       = true                                   {manageable} {command line}
   size_t SoftMaxHeapSize                          = 2120220672                             {manageable} {ergonomic}
     bool UseCompressedClassPointers               = true                           {product lp64_product} {ergonomic}
     bool UseCompressedOops                        = true                           {product lp64_product} {ergonomic}
     bool UseG1GC                                  = true                                      {product} {ergonomic}
     bool UseLargePagesIndividualAllocation        = false                                  {pd product} {ergonomic}

Logging:
Log output configuration:
 #0: stdout all=warning uptime,level,tags
 #1: stderr all=off uptime,level,tags

Environment Variables:
JAVA_HOME=C:\Program Files\Java\jdk-19
PATH=C:/Program Files/Java/jdk-19/bin/server;C:/Program Files/Java/jdk-19/bin;C:\Program Files\Java\jdk-17.0.5\bin;C:\Windows\system32;C:\Windows;C:\Windows\System32\Wbem;C:\Windows\System32\WindowsPowerShell\v1.0\;C:\Windows\System32\OpenSSH\;C:\Program Files\Java\jdk-19\bin;C:\Program Files\Java\jdk-19\bin;C:\maven\apache-maven-3.8.6\bin;C:\Program Files\nodejs\;C:\Program Files\MySQL\MySQL Shell 8.0\bin\;C:\Users\hp\AppData\Local\Microsoft\WindowsApps;C:\Users\hp\AppData\Roaming\npm;C:\Users\hp\Desktop;
USERNAME=hp
OS=Windows_NT
PROCESSOR_IDENTIFIER=Intel64 Family 6 Model 142 Stepping 10, GenuineIntel



---------------  S Y S T E M  ---------------

OS:
 Windows 10 , 64 bit Build 19041 (10.0.19041.2546)
OS uptime: 4 days 13:48 hours

CPU: total 8 (initial active 8) (4 cores per cpu, 2 threads per core) family 6 model 142 stepping 10 microcode 0xb4, cx8, cmov, fxsr, ht, mmx, 3dnowpref, sse, sse2, sse3, ssse3, sse4.1, sse4.2, popcnt, lzcnt, tsc, tscinvbit, avx, avx2, aes, erms, clmul, bmi1, bmi2, adx, fma, vzeroupper, clflush, clflushopt

Memory: 4k page, system-wide physical 8087M (626M free)
TotalPageFile size 32663M (AvailPageFile size 55M)
current process WorkingSet (physical memory assigned to process): 10M, peak: 10M
current process commit charge ("private bytes"): 60M, peak: 188M

vm_info: Java HotSpot(TM) 64-Bit Server VM (17.0.5+9-LTS-191) for windows-amd64 JRE (17.0.5+9-LTS-191), built on Sep 13 2022 17:31:43 by "mach5one" with MS VC++ 16.8 / 16.9 (VS2019)

END.
